<?xml version="1.0" encoding="UTF-8"?>
<testng-results ignored="0" total="1" passed="0" failed="0" skipped="1">
  <reporter-output>
  </reporter-output>
  <suite started-at="2021-07-19T09:06:26 IST" name="Default suite" finished-at="2021-07-19T09:16:54 IST" duration-ms="627197">
    <groups>
    </groups>
    <test started-at="2021-07-19T09:06:26 IST" name="Default test" finished-at="2021-07-19T09:16:54 IST" duration-ms="627197">
      <class name="Naukri.comUpdate.profileUpdate">
        <test-method is-config="true" signature="beforeTest()[pri:0, instance:Naukri.comUpdate.profileUpdate@2aece37d]" started-at="2021-07-19T09:06:26 IST" name="beforeTest" finished-at="2021-07-19T09:16:53 IST" duration-ms="626923" status="FAIL">
          <exception class="org.openqa.selenium.SessionNotCreatedException">
            <message>
              <![CDATA[session not created
from timeout: Timed out receiving message from renderer: 600.000
  (Session info: chrome=91.0.4472.124)
Build info: version: '3.141.59', revision: 'e82be7d358', time: '2018-11-14T08:17:03'
System info: host: 'DESKTOP-OEDJJGO', ip: '127.0.0.1', os.name: 'Windows 10', os.arch: 'amd64', os.version: '10.0', java.version: '16.0.1'
Driver info: driver.version: ChromeDriver
remote stacktrace: Backtrace:
Ordinal0 [0x007FC013+2474003]
Ordinal0 [0x007929C1+2042305]
Ordinal0 [0x006A2F68+1060712]
Ordinal0 [0x00695652+1005138]
Ordinal0 [0x00694258+1000024]
Ordinal0 [0x00693DA5+998821]
Ordinal0 [0x0069F164+1044836]
Ordinal0 [0x00693D31+998705]
Ordinal0 [0x00694FAF+1003439]
Ordinal0 [0x00694258+1000024]
Ordinal0 [0x00693DA5+998821]
Ordinal0 [0x0069CDDA+1035738]
Ordinal0 [0x00693D31+998705]
Ordinal0 [0x00694FAF+1003439]
Ordinal0 [0x00694258+1000024]
Ordinal0 [0x00693DA5+998821]
Ordinal0 [0x0069A929+1026345]
Ordinal0 [0x00693D31+998705]
Ordinal0 [0x00694FAF+1003439]
Ordinal0 [0x00694258+1000024]
Ordinal0 [0x00693DA5+998821]
Ordinal0 [0x00699DBC+1023420]
Ordinal0 [0x00693D31+998705]
Ordinal0 [0x00694FAF+1003439]
Ordinal0 [0x00694258+1000024]
Ordinal0 [0x00693DA5+998821]
Ordinal0 [0x0068FA5D+981597]
Ordinal0 [0x00693D31+998705]
Ordinal0 [0x00693A85+998021]
Ordinal0 [0x00693829+997417]
Ordinal0 [0x006A4090+1065104]
Ordinal0 [0x006EB798+1357720]
Ordinal0 [0x006E8FAA+1347498]
Ordinal0 [0x006E66DB+1337051]
Ordinal0 [0x006C3427+1192999]
Ordinal0 [0x006C42EE+1196782]
Ordinal0 [0x006C4279+1196665]
GetHandleVerifier [0x009896FC+1590332]
GetHandleVerifier [0x00A38614+2306900]
GetHandleVerifier [0x00889E93+543699]
GetHandleVerifier [0x008892CE+540686]
Ordinal0 [0x007986BA+2066106]
Ordinal0 [0x0079D1C8+2085320]
Ordinal0 [0x0079D308+2085640]
Ordinal0 [0x007A67F3+2123763]
BaseThreadInitThunk [0x76CCFA29+25]
RtlGetAppContainerNamedObjectPath [0x77E07A7E+286]
RtlGetAppContainerNamedObjectPath [0x77E07A4E+238]
]]>
            </message>
            <full-stacktrace>
              <![CDATA[org.openqa.selenium.SessionNotCreatedException: session not created
from timeout: Timed out receiving message from renderer: 600.000
  (Session info: chrome=91.0.4472.124)
Build info: version: '3.141.59', revision: 'e82be7d358', time: '2018-11-14T08:17:03'
System info: host: 'DESKTOP-OEDJJGO', ip: '127.0.0.1', os.name: 'Windows 10', os.arch: 'amd64', os.version: '10.0', java.version: '16.0.1'
Driver info: driver.version: ChromeDriver
remote stacktrace: Backtrace:
Ordinal0 [0x007FC013+2474003]
Ordinal0 [0x007929C1+2042305]
Ordinal0 [0x006A2F68+1060712]
Ordinal0 [0x00695652+1005138]
Ordinal0 [0x00694258+1000024]
Ordinal0 [0x00693DA5+998821]
Ordinal0 [0x0069F164+1044836]
Ordinal0 [0x00693D31+998705]
Ordinal0 [0x00694FAF+1003439]
Ordinal0 [0x00694258+1000024]
Ordinal0 [0x00693DA5+998821]
Ordinal0 [0x0069CDDA+1035738]
Ordinal0 [0x00693D31+998705]
Ordinal0 [0x00694FAF+1003439]
Ordinal0 [0x00694258+1000024]
Ordinal0 [0x00693DA5+998821]
Ordinal0 [0x0069A929+1026345]
Ordinal0 [0x00693D31+998705]
Ordinal0 [0x00694FAF+1003439]
Ordinal0 [0x00694258+1000024]
Ordinal0 [0x00693DA5+998821]
Ordinal0 [0x00699DBC+1023420]
Ordinal0 [0x00693D31+998705]
Ordinal0 [0x00694FAF+1003439]
Ordinal0 [0x00694258+1000024]
Ordinal0 [0x00693DA5+998821]
Ordinal0 [0x0068FA5D+981597]
Ordinal0 [0x00693D31+998705]
Ordinal0 [0x00693A85+998021]
Ordinal0 [0x00693829+997417]
Ordinal0 [0x006A4090+1065104]
Ordinal0 [0x006EB798+1357720]
Ordinal0 [0x006E8FAA+1347498]
Ordinal0 [0x006E66DB+1337051]
Ordinal0 [0x006C3427+1192999]
Ordinal0 [0x006C42EE+1196782]
Ordinal0 [0x006C4279+1196665]
GetHandleVerifier [0x009896FC+1590332]
GetHandleVerifier [0x00A38614+2306900]
GetHandleVerifier [0x00889E93+543699]
GetHandleVerifier [0x008892CE+540686]
Ordinal0 [0x007986BA+2066106]
Ordinal0 [0x0079D1C8+2085320]
Ordinal0 [0x0079D308+2085640]
Ordinal0 [0x007A67F3+2123763]
BaseThreadInitThunk [0x76CCFA29+25]
RtlGetAppContainerNamedObjectPath [0x77E07A7E+286]
RtlGetAppContainerNamedObjectPath [0x77E07A4E+238]

at java.base/jdk.internal.reflect.NativeConstructorAccessorImpl.newInstance0(Native Method)
at java.base/jdk.internal.reflect.NativeConstructorAccessorImpl.newInstance(NativeConstructorAccessorImpl.java:78)
at java.base/jdk.internal.reflect.DelegatingConstructorAccessorImpl.newInstance(DelegatingConstructorAccessorImpl.java:45)
at java.base/java.lang.reflect.Constructor.newInstanceWithCaller(Constructor.java:499)
at java.base/java.lang.reflect.Constructor.newInstance(Constructor.java:480)
at org.openqa.selenium.remote.W3CHandshakeResponse.lambda$errorHandler$0(W3CHandshakeResponse.java:62)
at org.openqa.selenium.remote.HandshakeResponse.lambda$getResponseFunction$0(HandshakeResponse.java:30)
at org.openqa.selenium.remote.ProtocolHandshake.lambda$createSession$0(ProtocolHandshake.java:126)
at java.base/java.util.stream.ReferencePipeline$3$1.accept(ReferencePipeline.java:197)
at java.base/java.util.Spliterators$ArraySpliterator.tryAdvance(Spliterators.java:958)
at java.base/java.util.stream.ReferencePipeline.forEachWithCancel(ReferencePipeline.java:129)
at java.base/java.util.stream.AbstractPipeline.copyIntoWithCancel(AbstractPipeline.java:502)
at java.base/java.util.stream.AbstractPipeline.copyInto(AbstractPipeline.java:488)
at java.base/java.util.stream.AbstractPipeline.wrapAndCopyInto(AbstractPipeline.java:474)
at java.base/java.util.stream.FindOps$FindOp.evaluateSequential(FindOps.java:150)
at java.base/java.util.stream.AbstractPipeline.evaluate(AbstractPipeline.java:234)
at java.base/java.util.stream.ReferencePipeline.findFirst(ReferencePipeline.java:647)
at org.openqa.selenium.remote.ProtocolHandshake.createSession(ProtocolHandshake.java:128)
at org.openqa.selenium.remote.ProtocolHandshake.createSession(ProtocolHandshake.java:74)
at org.openqa.selenium.remote.HttpCommandExecutor.execute(HttpCommandExecutor.java:136)
at org.openqa.selenium.remote.service.DriverCommandExecutor.execute(DriverCommandExecutor.java:83)
at org.openqa.selenium.remote.RemoteWebDriver.execute(RemoteWebDriver.java:552)
at org.openqa.selenium.remote.RemoteWebDriver.startSession(RemoteWebDriver.java:213)
at org.openqa.selenium.remote.RemoteWebDriver.<init>(RemoteWebDriver.java:131)
at org.openqa.selenium.chrome.ChromeDriver.<init>(ChromeDriver.java:181)
at org.openqa.selenium.chrome.ChromeDriver.<init>(ChromeDriver.java:168)
at org.openqa.selenium.chrome.ChromeDriver.<init>(ChromeDriver.java:157)
at Naukri.comUpdate.profileUpdate.beforeTest(profileUpdate.java:52)
at java.base/jdk.internal.reflect.NativeMethodAccessorImpl.invoke0(Native Method)
at java.base/jdk.internal.reflect.NativeMethodAccessorImpl.invoke(NativeMethodAccessorImpl.java:78)
at java.base/jdk.internal.reflect.DelegatingMethodAccessorImpl.invoke(DelegatingMethodAccessorImpl.java:43)
at java.base/java.lang.reflect.Method.invoke(Method.java:567)
at org.testng.internal.MethodInvocationHelper.invokeMethod(MethodInvocationHelper.java:134)
at org.testng.internal.MethodInvocationHelper.invokeMethodConsideringTimeout(MethodInvocationHelper.java:63)
at org.testng.internal.ConfigInvoker.invokeConfigurationMethod(ConfigInvoker.java:348)
at org.testng.internal.ConfigInvoker.invokeConfigurations(ConfigInvoker.java:302)
at org.testng.TestRunner.invokeTestConfigurations(TestRunner.java:619)
at org.testng.TestRunner.beforeRun(TestRunner.java:609)
at org.testng.TestRunner.run(TestRunner.java:580)
at org.testng.SuiteRunner.runTest(SuiteRunner.java:384)
at org.testng.SuiteRunner.runSequentially(SuiteRunner.java:378)
at org.testng.SuiteRunner.privateRun(SuiteRunner.java:337)
at org.testng.SuiteRunner.run(SuiteRunner.java:286)
at org.testng.SuiteRunnerWorker.runSuite(SuiteRunnerWorker.java:53)
at org.testng.SuiteRunnerWorker.run(SuiteRunnerWorker.java:96)
at org.testng.TestNG.runSuitesSequentially(TestNG.java:1187)
at org.testng.TestNG.runSuitesLocally(TestNG.java:1109)
at org.testng.TestNG.runSuites(TestNG.java:1039)
at org.testng.TestNG.run(TestNG.java:1007)
at org.apache.maven.surefire.testng.TestNGExecutor.run(TestNGExecutor.java:284)
at org.apache.maven.surefire.testng.TestNGXmlTestSuite.execute(TestNGXmlTestSuite.java:75)
at org.apache.maven.surefire.testng.TestNGProvider.invoke(TestNGProvider.java:119)
at org.apache.maven.surefire.booter.ForkedBooter.runSuitesInProcess(ForkedBooter.java:428)
at org.apache.maven.surefire.booter.ForkedBooter.execute(ForkedBooter.java:162)
at org.apache.maven.surefire.booter.ForkedBooter.run(ForkedBooter.java:562)
at org.apache.maven.surefire.booter.ForkedBooter.main(ForkedBooter.java:548)
]]>
            </full-stacktrace>
          </exception> <!-- org.openqa.selenium.SessionNotCreatedException -->
          <reporter-output>
          </reporter-output>
        </test-method> <!-- beforeTest -->
        <test-method signature="NaukriLogin()[pri:0, instance:Naukri.comUpdate.profileUpdate@2aece37d]" started-at="2021-07-19T09:16:54 IST" name="NaukriLogin" finished-at="2021-07-19T09:16:54 IST" duration-ms="0" status="SKIP">
          <exception class="org.openqa.selenium.SessionNotCreatedException">
            <message>
              <![CDATA[session not created
from timeout: Timed out receiving message from renderer: 600.000
  (Session info: chrome=91.0.4472.124)
Build info: version: '3.141.59', revision: 'e82be7d358', time: '2018-11-14T08:17:03'
System info: host: 'DESKTOP-OEDJJGO', ip: '127.0.0.1', os.name: 'Windows 10', os.arch: 'amd64', os.version: '10.0', java.version: '16.0.1'
Driver info: driver.version: ChromeDriver
remote stacktrace: Backtrace:
Ordinal0 [0x007FC013+2474003]
Ordinal0 [0x007929C1+2042305]
Ordinal0 [0x006A2F68+1060712]
Ordinal0 [0x00695652+1005138]
Ordinal0 [0x00694258+1000024]
Ordinal0 [0x00693DA5+998821]
Ordinal0 [0x0069F164+1044836]
Ordinal0 [0x00693D31+998705]
Ordinal0 [0x00694FAF+1003439]
Ordinal0 [0x00694258+1000024]
Ordinal0 [0x00693DA5+998821]
Ordinal0 [0x0069CDDA+1035738]
Ordinal0 [0x00693D31+998705]
Ordinal0 [0x00694FAF+1003439]
Ordinal0 [0x00694258+1000024]
Ordinal0 [0x00693DA5+998821]
Ordinal0 [0x0069A929+1026345]
Ordinal0 [0x00693D31+998705]
Ordinal0 [0x00694FAF+1003439]
Ordinal0 [0x00694258+1000024]
Ordinal0 [0x00693DA5+998821]
Ordinal0 [0x00699DBC+1023420]
Ordinal0 [0x00693D31+998705]
Ordinal0 [0x00694FAF+1003439]
Ordinal0 [0x00694258+1000024]
Ordinal0 [0x00693DA5+998821]
Ordinal0 [0x0068FA5D+981597]
Ordinal0 [0x00693D31+998705]
Ordinal0 [0x00693A85+998021]
Ordinal0 [0x00693829+997417]
Ordinal0 [0x006A4090+1065104]
Ordinal0 [0x006EB798+1357720]
Ordinal0 [0x006E8FAA+1347498]
Ordinal0 [0x006E66DB+1337051]
Ordinal0 [0x006C3427+1192999]
Ordinal0 [0x006C42EE+1196782]
Ordinal0 [0x006C4279+1196665]
GetHandleVerifier [0x009896FC+1590332]
GetHandleVerifier [0x00A38614+2306900]
GetHandleVerifier [0x00889E93+543699]
GetHandleVerifier [0x008892CE+540686]
Ordinal0 [0x007986BA+2066106]
Ordinal0 [0x0079D1C8+2085320]
Ordinal0 [0x0079D308+2085640]
Ordinal0 [0x007A67F3+2123763]
BaseThreadInitThunk [0x76CCFA29+25]
RtlGetAppContainerNamedObjectPath [0x77E07A7E+286]
RtlGetAppContainerNamedObjectPath [0x77E07A4E+238]
]]>
            </message>
            <full-stacktrace>
              <![CDATA[org.openqa.selenium.SessionNotCreatedException: session not created
from timeout: Timed out receiving message from renderer: 600.000
  (Session info: chrome=91.0.4472.124)
Build info: version: '3.141.59', revision: 'e82be7d358', time: '2018-11-14T08:17:03'
System info: host: 'DESKTOP-OEDJJGO', ip: '127.0.0.1', os.name: 'Windows 10', os.arch: 'amd64', os.version: '10.0', java.version: '16.0.1'
Driver info: driver.version: ChromeDriver
remote stacktrace: Backtrace:
Ordinal0 [0x007FC013+2474003]
Ordinal0 [0x007929C1+2042305]
Ordinal0 [0x006A2F68+1060712]
Ordinal0 [0x00695652+1005138]
Ordinal0 [0x00694258+1000024]
Ordinal0 [0x00693DA5+998821]
Ordinal0 [0x0069F164+1044836]
Ordinal0 [0x00693D31+998705]
Ordinal0 [0x00694FAF+1003439]
Ordinal0 [0x00694258+1000024]
Ordinal0 [0x00693DA5+998821]
Ordinal0 [0x0069CDDA+1035738]
Ordinal0 [0x00693D31+998705]
Ordinal0 [0x00694FAF+1003439]
Ordinal0 [0x00694258+1000024]
Ordinal0 [0x00693DA5+998821]
Ordinal0 [0x0069A929+1026345]
Ordinal0 [0x00693D31+998705]
Ordinal0 [0x00694FAF+1003439]
Ordinal0 [0x00694258+1000024]
Ordinal0 [0x00693DA5+998821]
Ordinal0 [0x00699DBC+1023420]
Ordinal0 [0x00693D31+998705]
Ordinal0 [0x00694FAF+1003439]
Ordinal0 [0x00694258+1000024]
Ordinal0 [0x00693DA5+998821]
Ordinal0 [0x0068FA5D+981597]
Ordinal0 [0x00693D31+998705]
Ordinal0 [0x00693A85+998021]
Ordinal0 [0x00693829+997417]
Ordinal0 [0x006A4090+1065104]
Ordinal0 [0x006EB798+1357720]
Ordinal0 [0x006E8FAA+1347498]
Ordinal0 [0x006E66DB+1337051]
Ordinal0 [0x006C3427+1192999]
Ordinal0 [0x006C42EE+1196782]
Ordinal0 [0x006C4279+1196665]
GetHandleVerifier [0x009896FC+1590332]
GetHandleVerifier [0x00A38614+2306900]
GetHandleVerifier [0x00889E93+543699]
GetHandleVerifier [0x008892CE+540686]
Ordinal0 [0x007986BA+2066106]
Ordinal0 [0x0079D1C8+2085320]
Ordinal0 [0x0079D308+2085640]
Ordinal0 [0x007A67F3+2123763]
BaseThreadInitThunk [0x76CCFA29+25]
RtlGetAppContainerNamedObjectPath [0x77E07A7E+286]
RtlGetAppContainerNamedObjectPath [0x77E07A4E+238]

at java.base/jdk.internal.reflect.NativeConstructorAccessorImpl.newInstance0(Native Method)
at java.base/jdk.internal.reflect.NativeConstructorAccessorImpl.newInstance(NativeConstructorAccessorImpl.java:78)
at java.base/jdk.internal.reflect.DelegatingConstructorAccessorImpl.newInstance(DelegatingConstructorAccessorImpl.java:45)
at java.base/java.lang.reflect.Constructor.newInstanceWithCaller(Constructor.java:499)
at java.base/java.lang.reflect.Constructor.newInstance(Constructor.java:480)
at org.openqa.selenium.remote.W3CHandshakeResponse.lambda$errorHandler$0(W3CHandshakeResponse.java:62)
at org.openqa.selenium.remote.HandshakeResponse.lambda$getResponseFunction$0(HandshakeResponse.java:30)
at org.openqa.selenium.remote.ProtocolHandshake.lambda$createSession$0(ProtocolHandshake.java:126)
at java.base/java.util.stream.ReferencePipeline$3$1.accept(ReferencePipeline.java:197)
at java.base/java.util.Spliterators$ArraySpliterator.tryAdvance(Spliterators.java:958)
at java.base/java.util.stream.ReferencePipeline.forEachWithCancel(ReferencePipeline.java:129)
at java.base/java.util.stream.AbstractPipeline.copyIntoWithCancel(AbstractPipeline.java:502)
at java.base/java.util.stream.AbstractPipeline.copyInto(AbstractPipeline.java:488)
at java.base/java.util.stream.AbstractPipeline.wrapAndCopyInto(AbstractPipeline.java:474)
at java.base/java.util.stream.FindOps$FindOp.evaluateSequential(FindOps.java:150)
at java.base/java.util.stream.AbstractPipeline.evaluate(AbstractPipeline.java:234)
at java.base/java.util.stream.ReferencePipeline.findFirst(ReferencePipeline.java:647)
at org.openqa.selenium.remote.ProtocolHandshake.createSession(ProtocolHandshake.java:128)
at org.openqa.selenium.remote.ProtocolHandshake.createSession(ProtocolHandshake.java:74)
at org.openqa.selenium.remote.HttpCommandExecutor.execute(HttpCommandExecutor.java:136)
at org.openqa.selenium.remote.service.DriverCommandExecutor.execute(DriverCommandExecutor.java:83)
at org.openqa.selenium.remote.RemoteWebDriver.execute(RemoteWebDriver.java:552)
at org.openqa.selenium.remote.RemoteWebDriver.startSession(RemoteWebDriver.java:213)
at org.openqa.selenium.remote.RemoteWebDriver.<init>(RemoteWebDriver.java:131)
at org.openqa.selenium.chrome.ChromeDriver.<init>(ChromeDriver.java:181)
at org.openqa.selenium.chrome.ChromeDriver.<init>(ChromeDriver.java:168)
at org.openqa.selenium.chrome.ChromeDriver.<init>(ChromeDriver.java:157)
at Naukri.comUpdate.profileUpdate.beforeTest(profileUpdate.java:52)
at java.base/jdk.internal.reflect.NativeMethodAccessorImpl.invoke0(Native Method)
at java.base/jdk.internal.reflect.NativeMethodAccessorImpl.invoke(NativeMethodAccessorImpl.java:78)
at java.base/jdk.internal.reflect.DelegatingMethodAccessorImpl.invoke(DelegatingMethodAccessorImpl.java:43)
at java.base/java.lang.reflect.Method.invoke(Method.java:567)
at org.testng.internal.MethodInvocationHelper.invokeMethod(MethodInvocationHelper.java:134)
at org.testng.internal.MethodInvocationHelper.invokeMethodConsideringTimeout(MethodInvocationHelper.java:63)
at org.testng.internal.ConfigInvoker.invokeConfigurationMethod(ConfigInvoker.java:348)
at org.testng.internal.ConfigInvoker.invokeConfigurations(ConfigInvoker.java:302)
at org.testng.TestRunner.invokeTestConfigurations(TestRunner.java:619)
at org.testng.TestRunner.beforeRun(TestRunner.java:609)
at org.testng.TestRunner.run(TestRunner.java:580)
at org.testng.SuiteRunner.runTest(SuiteRunner.java:384)
at org.testng.SuiteRunner.runSequentially(SuiteRunner.java:378)
at org.testng.SuiteRunner.privateRun(SuiteRunner.java:337)
at org.testng.SuiteRunner.run(SuiteRunner.java:286)
at org.testng.SuiteRunnerWorker.runSuite(SuiteRunnerWorker.java:53)
at org.testng.SuiteRunnerWorker.run(SuiteRunnerWorker.java:96)
at org.testng.TestNG.runSuitesSequentially(TestNG.java:1187)
at org.testng.TestNG.runSuitesLocally(TestNG.java:1109)
at org.testng.TestNG.runSuites(TestNG.java:1039)
at org.testng.TestNG.run(TestNG.java:1007)
at org.apache.maven.surefire.testng.TestNGExecutor.run(TestNGExecutor.java:284)
at org.apache.maven.surefire.testng.TestNGXmlTestSuite.execute(TestNGXmlTestSuite.java:75)
at org.apache.maven.surefire.testng.TestNGProvider.invoke(TestNGProvider.java:119)
at org.apache.maven.surefire.booter.ForkedBooter.runSuitesInProcess(ForkedBooter.java:428)
at org.apache.maven.surefire.booter.ForkedBooter.execute(ForkedBooter.java:162)
at org.apache.maven.surefire.booter.ForkedBooter.run(ForkedBooter.java:562)
at org.apache.maven.surefire.booter.ForkedBooter.main(ForkedBooter.java:548)
]]>
            </full-stacktrace>
          </exception> <!-- org.openqa.selenium.SessionNotCreatedException -->
          <reporter-output>
          </reporter-output>
        </test-method> <!-- NaukriLogin -->
        <test-method is-config="true" signature="afterTest()[pri:0, instance:Naukri.comUpdate.profileUpdate@2aece37d]" started-at="2021-07-19T09:16:54 IST" name="afterTest" finished-at="1970-01-01T05:30:00 IST" duration-ms="-1626666414100" status="SKIP">
          <reporter-output>
          </reporter-output>
        </test-method> <!-- afterTest -->
      </class> <!-- Naukri.comUpdate.profileUpdate -->
    </test> <!-- Default test -->
  </suite> <!-- Default suite -->
</testng-results>
